\BOOKMARK [0][]{ustcchapter.1.0}{\376\377\134\001\227\142}{}% 1
\BOOKMARK [0][]{ustcchapter.2.0}{\376\377\000T\000i\000t\000l\000e\000\040\000p\000a\000g\000e}{}% 2
\BOOKMARK [0][]{ustcchapter.3.0}{\376\377\123\237\122\033\140\047\124\214\143\210\147\103\117\177\165\050\130\360\146\016}{}% 3
\BOOKMARK [0][]{ustcchapter.4.0}{\376\377\166\356\137\125}{}% 4
\BOOKMARK [0][]{chapter.1}{\376\377\173\054\0001\172\340\000\040\176\352\213\272}{}% 5
\BOOKMARK [1][-]{section.1.1}{\376\377\0001\000.\0001\000\040\213\376\230\230\170\024\172\166\200\314\146\157}{chapter.1}% 6
\BOOKMARK [2][-]{subsection.1.1.1}{\376\377\0001\000.\0001\000.\0001\000\040\122\240\220\037\126\150\143\247\122\066\174\373\176\337\173\200\116\313}{section.1.1}% 7
\BOOKMARK [2][-]{subsection.1.1.2}{\376\377\0001\000.\0001\000.\0002\000\040\133\236\145\366\140\047\122\006\174\173}{section.1.1}% 8
\BOOKMARK [2][-]{subsection.1.1.3}{\376\377\0001\000.\0001\000.\0003\000\040\122\240\220\037\126\150\143\247\122\066\174\373\176\337\116\055\166\204\133\236\145\366\140\047\227\000\154\102}{section.1.1}% 9
\BOOKMARK [1][-]{section.1.2}{\376\377\0001\000.\0002\000\040\126\375\121\205\131\026\170\024\172\166\163\260\162\266}{chapter.1}% 10
\BOOKMARK [2][-]{subsection.1.2.1}{\376\377\0001\000.\0002\000.\0001\000\040\127\372\116\216\000P\000O\000W\000E\000R\000L\000I\000N\000K\166\204\000A\000L\000B\000A\213\276\131\007\117\335\142\244\174\373\176\337}{section.1.2}% 11
\BOOKMARK [2][-]{subsection.1.2.2}{\376\377\0001\000.\0002\000.\0002\000\040\000C\000E\000R\000N\127\050\217\220\134\004\123\072\127\337\121\163\116\216\000P\000O\000W\000E\000R\000L\000I\000N\000K\166\204\136\224\165\050\170\024\172\166}{section.1.2}% 12
\BOOKMARK [2][-]{subsection.1.2.3}{\376\377\0001\000.\0002\000.\0003\000\040\116\012\155\167\121\111\156\220\166\204\121\111\147\137\176\277\122\115\172\357\167\037\172\172\154\304\157\017\137\353\117\335\142\244\174\373\176\337}{section.1.2}% 13
\BOOKMARK [1][-]{section.1.3}{\376\377\0001\000.\0003\000\040\213\272\145\207\135\345\117\134\166\204\116\073\211\201\121\205\133\271\123\312\122\033\145\260\160\271}{chapter.1}% 14
\BOOKMARK [0][]{chapter.2}{\376\377\173\054\0002\172\340\000\040\000P\000O\000W\000E\000R\000L\000I\000N\000K\220\032\117\341\123\117\213\256\170\024\172\166}{}% 15
\BOOKMARK [1][-]{section.2.1}{\376\377\0002\000.\0001\000\040\133\236\145\366\116\345\131\052\177\121\116\313\176\315}{chapter.2}% 16
\BOOKMARK [1][-]{section.2.2}{\376\377\0002\000.\0002\000\040\000P\000O\000W\000E\000R\000L\000I\000N\000K\123\117\213\256\116\313\176\315}{chapter.2}% 17
\BOOKMARK [2][-]{subsection.2.2.1}{\376\377\0002\000.\0002\000.\0001\000\040\000P\000O\000W\000E\000R\000L\000I\000N\000K\123\117\213\256\166\204\127\372\147\054\162\171\140\047}{section.2.2}% 18
\BOOKMARK [2][-]{subsection.2.2.2}{\376\377\0002\000.\0002\000.\0002\000\040\000P\000O\000W\000E\000R\000L\000I\000N\000K\123\117\213\256\166\204\177\121\176\334\152\041\127\213}{section.2.2}% 19
\BOOKMARK [1][-]{section.2.3}{\376\377\0002\000.\0003\000\040\000P\000O\000W\000E\000R\000L\000I\000N\000K\123\117\213\256\166\204\133\236\163\260}{chapter.2}% 20
\BOOKMARK [2][-]{subsection.2.3.1}{\376\377\0002\000.\0003\000.\0001\000\040\127\372\116\216\000L\000i\000n\000u\000x\174\373\176\337\133\236\163\260\000P\000O\000W\000E\000R\000L\000I\000N\000K\123\117\213\256}{section.2.3}% 21
\BOOKMARK [2][-]{subsection.2.3.2}{\376\377\0002\000.\0003\000.\0002\000\040\127\372\116\216\000F\000P\000G\000A\133\236\163\260\000P\000O\000W\000E\000R\000L\000I\000N\000K\123\117\213\256}{section.2.3}% 22
\BOOKMARK [2][-]{subsection.2.3.3}{\376\377\0002\000.\0003\000.\0003\000\040\155\113\213\325\134\017\176\323}{section.2.3}% 23
\BOOKMARK [1][-]{section.2.4}{\376\377\0002\000.\0004\000\040\000P\000O\000W\000E\000R\000L\000I\000N\000K\220\032\117\341\124\150\147\037\166\204\164\006\213\272\213\241\173\227}{chapter.2}% 24
\BOOKMARK [1][-]{section.2.5}{\376\377\0002\000.\0005\000\040\000P\000O\000W\000E\000R\000L\000I\000N\000K\220\032\117\341\123\117\213\256\166\204\116\377\167\037\152\041\142\337}{chapter.2}% 25
\BOOKMARK [2][-]{subsection.2.5.1}{\376\377\0002\000.\0005\000.\0001\000\040\000O\000M\000N\000e\000T\000+\000+\116\377\167\037\126\150}{section.2.5}% 26
\BOOKMARK [2][-]{subsection.2.5.2}{\376\377\0002\000.\0005\000.\0002\000\040\000P\000O\000W\000E\000R\000L\000I\000N\000K\220\032\117\341\202\202\160\271\136\372\152\041}{section.2.5}% 27
\BOOKMARK [0][]{chapter.3}{\376\377\173\054\0003\172\340\000\040\000E\000P\000I\000C\000S\163\257\130\203\116\013\127\372\116\216\000P\000O\000W\000E\000R\000L\000I\000N\000K\166\204\122\006\136\003\137\017\000I\000O\174\373\176\337}{}% 28
\BOOKMARK [1][-]{section.3.1}{\376\377\0003\000.\0001\000\040\116\073\172\331\000P\000C\145\271\150\110\166\204\174\373\176\337\213\276\213\241\116\016\137\000\123\321}{chapter.3}% 29
\BOOKMARK [2][-]{subsection.3.1.1}{\376\377\0003\000.\0001\000.\0001\000\040\174\373\176\337\147\266\147\204\213\276\213\241}{section.3.1}% 30
\BOOKMARK [2][-]{subsection.3.1.2}{\376\377\0003\000.\0001\000.\0002\000\040\000E\000P\000I\000C\000S\213\276\131\007\232\161\122\250\172\013\136\217\166\204\137\000\123\321}{section.3.1}% 31
\BOOKMARK [2][-]{subsection.3.1.3}{\376\377\0003\000.\0001\000.\0003\000\040\116\316\172\331\143\247\122\066\126\150\166\204\213\276\213\241\116\016\137\000\123\321}{section.3.1}% 32
\BOOKMARK [2][-]{subsection.3.1.4}{\376\377\0003\000.\0001\000.\0004\000\040\155\113\213\325\174\373\176\337\144\055\136\372}{section.3.1}% 33
\BOOKMARK [2][-]{subsection.3.1.5}{\376\377\0003\000.\0001\000.\0005\000\040\174\373\176\337\140\047\200\375\155\113\213\325\116\016\122\006\147\220}{section.3.1}% 34
\BOOKMARK [1][-]{section.3.2}{\376\377\0003\000.\0002\000\040\121\150\172\331\000F\000P\000G\000A\145\271\150\110\166\204\174\373\176\337\213\276\213\241\116\016\137\000\123\321}{chapter.3}% 35
\BOOKMARK [2][-]{subsection.3.2.1}{\376\377\0003\000.\0002\000.\0001\000\040\174\373\176\337\147\266\147\204\213\276\213\241}{section.3.2}% 36
\BOOKMARK [2][-]{subsection.3.2.2}{\376\377\0003\000.\0002\000.\0002\000\040\116\316\172\331\143\247\122\066\126\150\166\204\213\276\213\241\116\016\137\000\123\321}{section.3.2}% 37
\BOOKMARK [2][-]{subsection.3.2.3}{\376\377\0003\000.\0002\000.\0003\000\040\000E\000P\000I\000C\000S\213\276\131\007\232\161\122\250\172\013\136\217\166\204\137\000\123\321}{section.3.2}% 38
\BOOKMARK [2][-]{subsection.3.2.4}{\376\377\0003\000.\0002\000.\0004\000\040\155\113\213\325\174\373\176\337\144\055\136\372}{section.3.2}% 39
\BOOKMARK [2][-]{subsection.3.2.5}{\376\377\0003\000.\0002\000.\0005\000\040\174\373\176\337\140\047\200\375\155\113\213\325\116\016\122\006\147\220}{section.3.2}% 40
\BOOKMARK [1][-]{section.3.3}{\376\377\0003\000.\0003\000\040\121\150\172\331\000F\000P\000G\000A\145\271\150\110\220\032\117\341\124\150\147\037\166\204\164\006\213\272\213\241\173\227}{chapter.3}% 41
\BOOKMARK [1][-]{section.3.4}{\376\377\0003\000.\0004\000\040\121\150\172\331\000F\000P\000G\000A\145\271\150\110\166\204\116\377\167\037\152\041\142\337}{chapter.3}% 42
\BOOKMARK [0][]{chapter.4}{\376\377\173\054\0004\172\340\000\040\000H\000A\000L\000F\213\276\131\007\117\335\142\244\174\373\176\337\166\204\213\276\213\241}{}% 43
\BOOKMARK [1][-]{section.4.1}{\376\377\0004\000.\0001\000\040\000H\000A\000L\000F\230\204\170\024\135\345\172\013}{chapter.4}% 44
\BOOKMARK [1][-]{section.4.2}{\376\377\0004\000.\0002\000\040\122\240\220\037\126\150\116\055\166\204\213\276\131\007\117\335\142\244\174\373\176\337}{chapter.4}% 45
\BOOKMARK [2][-]{subsection.4.2.1}{\376\377\0004\000.\0002\000.\0001\000\040\213\276\131\007\117\335\142\244\174\373\176\337\166\204\116\373\122\241}{section.4.2}% 46
\BOOKMARK [2][-]{subsection.4.2.2}{\376\377\0004\000.\0002\000.\0002\000\040\126\375\121\205\131\026\122\240\220\037\126\150\166\204\147\072\126\150\117\335\142\244\174\373\176\337\214\003\170\024}{section.4.2}% 47
\BOOKMARK [1][-]{section.4.3}{\376\377\0004\000.\0003\000\040\000H\000A\000L\000F\213\276\131\007\117\335\142\244\174\373\176\337\213\276\213\241}{chapter.4}% 48
\BOOKMARK [2][-]{subsection.4.3.1}{\376\377\0004\000.\0003\000.\0001\000\040\000H\000A\000L\000F\213\276\131\007\117\335\142\244\174\373\176\337\116\373\122\241}{section.4.3}% 49
\BOOKMARK [2][-]{subsection.4.3.2}{\376\377\0004\000.\0003\000.\0002\000\040\000H\000A\000L\000F\213\276\131\007\117\335\142\244\174\373\176\337\213\276\213\241\123\237\122\031}{section.4.3}% 50
\BOOKMARK [2][-]{subsection.4.3.3}{\376\377\0004\000.\0003\000.\0003\000\040\000H\000A\000L\000F\213\276\131\007\117\335\142\244\174\373\176\337\217\320\210\114\152\041\137\017}{section.4.3}% 51
\BOOKMARK [2][-]{subsection.4.3.4}{\376\377\0004\000.\0003\000.\0004\000\040\000H\000A\000L\000F\213\276\131\007\117\335\142\244\174\373\176\337\140\073\117\123\176\323\147\204}{section.4.3}% 52
\BOOKMARK [2][-]{subsection.4.3.5}{\376\377\0004\000.\0003\000.\0005\000\040\200\124\225\001\217\223\121\145\117\341\123\367\166\204\230\204\131\004\164\006}{section.4.3}% 53
\BOOKMARK [1][-]{section.4.4}{\376\377\0004\000.\0004\000\040\154\350\121\145\126\150\000E\000P\000S\213\276\213\241}{chapter.4}% 54
\BOOKMARK [2][-]{subsection.4.4.1}{\376\377\0004\000.\0004\000.\0001\000\040\165\065\133\120\147\252\200\124\225\001\174\373\176\337}{section.4.4}% 55
\BOOKMARK [2][-]{subsection.4.4.2}{\376\377\0004\000.\0004\000.\0002\000\040\167\037\172\172\200\124\225\001\174\373\176\337}{section.4.4}% 56
\BOOKMARK [2][-]{subsection.4.4.3}{\376\377\0004\000.\0004\000.\0003\000\040\121\267\123\164\154\064\200\124\225\001\174\373\176\337}{section.4.4}% 57
\BOOKMARK [2][-]{subsection.4.4.4}{\376\377\0004\000.\0004\000.\0004\000\040\154\350\121\145\126\150\122\006\140\073\117\123\000E\000P\000S\200\124\225\001\117\341\123\367\140\073\176\323}{section.4.4}% 58
\BOOKMARK [2][-]{subsection.4.4.5}{\376\377\0004\000.\0004\000.\0005\000\040\154\350\121\145\126\150\213\276\131\007\117\335\142\244\174\373\176\337\133\236\145\366\140\047\200\375\213\304\117\060}{section.4.4}% 59
\BOOKMARK [1][-]{section.4.5}{\376\377\0004\000.\0005\000\040\120\250\133\130\163\257\122\006\140\073\117\123\000E\000P\000S\213\276\213\241}{chapter.4}% 60
\BOOKMARK [2][-]{subsection.4.5.1}{\376\377\0004\000.\0005\000.\0001\000\040\167\037\172\172\200\124\225\001\174\373\176\337}{section.4.5}% 61
\BOOKMARK [2][-]{subsection.4.5.2}{\376\377\0004\000.\0005\000.\0002\000\040\121\267\123\164\154\064\200\124\225\001\174\373\176\337}{section.4.5}% 62
\BOOKMARK [2][-]{subsection.4.5.3}{\376\377\0004\000.\0005\000.\0003\000\040\167\037\172\172\220\350\116\366\156\051\136\246\200\124\225\001\174\373\176\337}{section.4.5}% 63
\BOOKMARK [2][-]{subsection.4.5.4}{\376\377\0004\000.\0005\000.\0004\000\040\232\330\230\221\200\124\225\001\174\373\176\337}{section.4.5}% 64
\BOOKMARK [2][-]{subsection.4.5.5}{\376\377\0004\000.\0005\000.\0005\000\040\154\350\121\145\200\124\225\001\174\373\176\337}{section.4.5}% 65
\BOOKMARK [2][-]{subsection.4.5.6}{\376\377\0004\000.\0005\000.\0006\000\040\120\250\133\130\163\257\122\006\140\073\117\123\000E\000P\000S\200\124\225\001\117\341\123\367\140\073\176\323}{section.4.5}% 66
\BOOKMARK [2][-]{subsection.4.5.7}{\376\377\0004\000.\0005\000.\0007\000\040\120\250\133\130\163\257\213\276\131\007\117\335\142\244\174\373\176\337\133\236\145\366\140\047\200\375\213\304\117\060}{section.4.5}% 67
\BOOKMARK [1][-]{section.4.6}{\376\377\0004\000.\0006\000\040\000H\000A\000L\000F\213\276\131\007\117\335\142\244\174\373\176\337\166\204\117\341\140\157\142\245\213\146}{chapter.4}% 68
\BOOKMARK [1][-]{section.4.7}{\376\377\0004\000.\0007\000\040\000H\000A\000L\000F\213\276\131\007\117\335\142\244\174\373\176\337\166\204\123\206\123\362\145\160\143\156\133\130\150\143\116\016\147\345\213\342}{chapter.4}% 69
\BOOKMARK [0][]{chapter.5}{\376\377\173\054\0005\172\340\000\040\140\073\176\323\116\016\134\125\147\033}{}% 70
\BOOKMARK [1][-]{section.5.1}{\376\377\0005\000.\0001\000\040\140\073\176\323}{chapter.5}% 71
\BOOKMARK [1][-]{section.5.2}{\376\377\0005\000.\0002\000\040\134\125\147\033}{chapter.5}% 72
\BOOKMARK [0][]{chapter*.96}{\376\377\123\302\200\003\145\207\163\056}{}% 73
\BOOKMARK [0][]{appendix*.97}{\376\377\210\145\121\105\147\120\145\231}{}% 74
\BOOKMARK [0][]{appendix*.98}{\376\377\201\364\214\042}{}% 75
\BOOKMARK [0][]{appendix*.99}{\376\377\127\050\213\373\147\037\225\364\123\321\210\150\166\204\133\146\147\057\213\272\145\207\116\016\123\326\137\227\166\204\170\024\172\166\142\020\147\234}{}% 76
